<?xml version="1.0" encoding="UTF-8"?>
<testsuite xmlns:xsi="http://www.w3.org/2001/XMLSchema-instance" xsi:noNamespaceSchemaLocation="https://maven.apache.org/surefire/maven-surefire-plugin/xsd/surefire-test-report-3.0.xsd" version="3.0" name="TestSuite" time="266.209" tests="2" errors="0" skipped="0" failures="2">
  <properties>
[...]
</properties>
  <testcase name="loginTest" classname="Labworks.E2EProject.LoginPageTest" time="27.884">
    <failure message="element click intercepted: Element &lt;a href=&quot;https://rahulshettyacademy.com/sign_in/&quot;&gt;...&lt;/a&gt; is not clickable at point (992, 15). Other element would receive the click: &lt;div class=&quot;listbuilder-popup-content&quot;&gt;...&lt;/div&gt;&#10;  (Session info: chrome=85.0.4183.83)&#10;Build info: version: &apos;3.141.59&apos;, revision: &apos;e82be7d358&apos;, time: &apos;2018-11-14T08:17:03&apos;&#10;System info: host: &apos;DELL&apos;, ip: &apos;10.222.10.7&apos;, os.name: &apos;Windows 8.1&apos;, os.arch: &apos;amd64&apos;, os.version: &apos;6.3&apos;, java.version: &apos;1.8.0_261&apos;&#10;Driver info: org.openqa.selenium.chrome.ChromeDriver&#10;Capabilities {acceptInsecureCerts: false, browserName: chrome, browserVersion: 85.0.4183.83, chrome: {chromedriverVersion: 85.0.4183.87 (cd6713ebf92fa..., userDataDir: C:\Users\OWNER\AppData\Loca...}, goog:chromeOptions: {debuggerAddress: localhost:62783}, javascriptEnabled: true, networkConnectionEnabled: false, pageLoadStrategy: normal, platform: WINDOWS, platformName: WINDOWS, proxy: Proxy(), setWindowRect: true, strictFileInteractability: false, timeouts: {implicit: 0, pageLoad: 300000, script: 30000}, unhandledPromptBehavior: dismiss and notify, webauthn:virtualAuthenticators: true}&#10;Session ID: 09db322d4a8f01445c98407c70f84a8e" type="org.openqa.selenium.ElementClickInterceptedException"><![CDATA[org.openqa.selenium.ElementClickInterceptedException: 
element click intercepted: Element <a href="https://rahulshettyacademy.com/sign_in/">...</a> is not clickable at point (992, 15). Other element would receive the click: <div class="listbuilder-popup-content">...</div>
  (Session info: chrome=85.0.4183.83)
Build info: version: '3.141.59', revision: 'e82be7d358', time: '2018-11-14T08:17:03'
System info: host: 'DELL', ip: '10.222.10.7', os.name: 'Windows 8.1', os.arch: 'amd64', os.version: '6.3', java.version: '1.8.0_261'
Driver info: org.openqa.selenium.chrome.ChromeDriver
Capabilities {acceptInsecureCerts: false, browserName: chrome, browserVersion: 85.0.4183.83, chrome: {chromedriverVersion: 85.0.4183.87 (cd6713ebf92fa..., userDataDir: C:\Users\OWNER\AppData\Loca...}, goog:chromeOptions: {debuggerAddress: localhost:62783}, javascriptEnabled: true, networkConnectionEnabled: false, pageLoadStrategy: normal, platform: WINDOWS, platformName: WINDOWS, proxy: Proxy(), setWindowRect: true, strictFileInteractability: false, timeouts: {implicit: 0, pageLoad: 300000, script: 30000}, unhandledPromptBehavior: dismiss and notify, webauthn:virtualAuthenticators: true}
Session ID: 09db322d4a8f01445c98407c70f84a8e
	at Labworks.E2EProject.LoginPageTest.loginTest(LoginPageTest.java:30)
]]></failure>
    <system-err><![CDATA[StaSrttianrgt iCnhgr oCmherDomeDrriivverer  885.50.0.4.1418383.8.877 ( (ccdd66771133eebbff929f2af1acacc10fc1a598df280093af0c5d7-refs/brancahc-c0hfe1aad5s9/84d1f823@{#18608099}3)af 0ocn5 dp7o-rrte fs/br3a3n8c2h4-h
eOandlsy/ 4l1o8c3al@ c{o#nn16ec8t9i}o)n so na repo arlt lo29wed.286
P
Olnelays el osceae httpsl: /c/ocnhnreocmtions aree adllroiwvede.r.
chPlease see https:r//omchromediurimver.c.horormgiu/ms.eocrugr/isteyc-uconsiderartioints yf-ocr osnusgigdeesrtiatoinons osn  kfoere psiunggg eCshtrioomenDsr oivne r skeeapifneg. C
hromeDriver safe.
ChromeDCrihvreor mweaDsr isvtearr twaesd  ssutcarcteesdsf uslluyc.ces
sfully.
Sep 08, 2020 7:15:24 PM org.openqa.selenium.remote.ProtocolHandshake createSession
INFO: Detected dialect: W3C
Sep 08, 2020 7:15:24 PM org.openqa.selenium.remote.ProtocolHandshake createSession
INFO: Detected dialect: W3C
]]></system-err>
  </testcase>
  <testcase name="loginTest" classname="Labworks.E2EProject.LoginPageTest" time="27.919">
    <failure message="element click intercepted: Element &lt;a href=&quot;https://rahulshettyacademy.com/sign_in/&quot;&gt;...&lt;/a&gt; is not clickable at point (992, 15). Other element would receive the click: &lt;div class=&quot;listbuilder-popup-content&quot;&gt;...&lt;/div&gt;&#10;  (Session info: chrome=85.0.4183.83)&#10;Build info: version: &apos;3.141.59&apos;, revision: &apos;e82be7d358&apos;, time: &apos;2018-11-14T08:17:03&apos;&#10;System info: host: &apos;DELL&apos;, ip: &apos;10.222.10.7&apos;, os.name: &apos;Windows 8.1&apos;, os.arch: &apos;amd64&apos;, os.version: &apos;6.3&apos;, java.version: &apos;1.8.0_261&apos;&#10;Driver info: org.openqa.selenium.chrome.ChromeDriver&#10;Capabilities {acceptInsecureCerts: false, browserName: chrome, browserVersion: 85.0.4183.83, chrome: {chromedriverVersion: 85.0.4183.87 (cd6713ebf92fa..., userDataDir: C:\Users\OWNER\AppData\Loca...}, goog:chromeOptions: {debuggerAddress: localhost:62784}, javascriptEnabled: true, networkConnectionEnabled: false, pageLoadStrategy: normal, platform: WINDOWS, platformName: WINDOWS, proxy: Proxy(), setWindowRect: true, strictFileInteractability: false, timeouts: {implicit: 0, pageLoad: 300000, script: 30000}, unhandledPromptBehavior: dismiss and notify, webauthn:virtualAuthenticators: true}&#10;Session ID: 870b935bf1cd4de354c00757a93c311b" type="org.openqa.selenium.ElementClickInterceptedException"><![CDATA[org.openqa.selenium.ElementClickInterceptedException: 
element click intercepted: Element <a href="https://rahulshettyacademy.com/sign_in/">...</a> is not clickable at point (992, 15). Other element would receive the click: <div class="listbuilder-popup-content">...</div>
  (Session info: chrome=85.0.4183.83)
Build info: version: '3.141.59', revision: 'e82be7d358', time: '2018-11-14T08:17:03'
System info: host: 'DELL', ip: '10.222.10.7', os.name: 'Windows 8.1', os.arch: 'amd64', os.version: '6.3', java.version: '1.8.0_261'
Driver info: org.openqa.selenium.chrome.ChromeDriver
Capabilities {acceptInsecureCerts: false, browserName: chrome, browserVersion: 85.0.4183.83, chrome: {chromedriverVersion: 85.0.4183.87 (cd6713ebf92fa..., userDataDir: C:\Users\OWNER\AppData\Loca...}, goog:chromeOptions: {debuggerAddress: localhost:62784}, javascriptEnabled: true, networkConnectionEnabled: false, pageLoadStrategy: normal, platform: WINDOWS, platformName: WINDOWS, proxy: Proxy(), setWindowRect: true, strictFileInteractability: false, timeouts: {implicit: 0, pageLoad: 300000, script: 30000}, unhandledPromptBehavior: dismiss and notify, webauthn:virtualAuthenticators: true}
Session ID: 870b935bf1cd4de354c00757a93c311b
	at Labworks.E2EProject.LoginPageTest.loginTest(LoginPageTest.java:30)
]]></failure>
  </testcase>
</testsuite>