<?xml version="1.0" encoding="UTF-8"?>
<testng-results skipped="0" failed="0" total="2" passed="2">
  <reporter-output>
  </reporter-output>
  <suite name="Suite" duration-ms="115496" started-at="2020-09-26T20:21:38Z" finished-at="2020-09-26T20:23:34Z">
    <groups>
    </groups>
    <test name="Test1" duration-ms="114428" started-at="2020-09-26T20:21:38Z" finished-at="2020-09-26T20:23:33Z">
      <class name="Labworks.E2EProject.InstagramTest1">
        <test-method status="PASS" signature="initialize()[pri:0, instance:Labworks.E2EProject.InstagramTest1@cc285f4]" name="initialize" is-config="true" duration-ms="31285" started-at="2020-09-27T01:51:38Z" finished-at="2020-09-27T01:52:10Z">
          <reporter-output>
          </reporter-output>
        </test-method> <!-- initialize -->
        <test-method status="PASS" signature="getscribblestoriesdata()[pri:0, instance:Labworks.E2EProject.InstagramTest1@cc285f4]" name="getscribblestoriesdata" duration-ms="69760" started-at="2020-09-27T01:52:10Z" finished-at="2020-09-27T01:53:19Z">
          <reporter-output>
          </reporter-output>
        </test-method> <!-- getscribblestoriesdata -->
        <test-method status="PASS" signature="tearDown()[pri:0, instance:Labworks.E2EProject.InstagramTest1@cc285f4]" name="tearDown" is-config="true" duration-ms="13331" started-at="2020-09-27T01:53:19Z" finished-at="2020-09-27T01:53:33Z">
          <reporter-output>
          </reporter-output>
        </test-method> <!-- tearDown -->
      </class> <!-- Labworks.E2EProject.InstagramTest1 -->
    </test> <!-- Test1 -->
    <test name="Test2" duration-ms="115496" started-at="2020-09-26T20:21:38Z" finished-at="2020-09-26T20:23:34Z">
      <class name="Labworks.E2EProject.InstagramTest2">
        <test-method status="PASS" signature="initialize()[pri:0, instance:Labworks.E2EProject.InstagramTest2@6f7fd0e6]" name="initialize" is-config="true" duration-ms="31304" started-at="2020-09-27T01:51:38Z" finished-at="2020-09-27T01:52:10Z">
          <reporter-output>
          </reporter-output>
        </test-method> <!-- initialize -->
        <test-method status="PASS" signature="getwordpormdata()[pri:0, instance:Labworks.E2EProject.InstagramTest2@6f7fd0e6]" name="getwordpormdata" duration-ms="70108" started-at="2020-09-27T01:52:10Z" finished-at="2020-09-27T01:53:20Z">
          <reporter-output>
          </reporter-output>
        </test-method> <!-- getwordpormdata -->
        <test-method status="PASS" signature="tearDown()[pri:0, instance:Labworks.E2EProject.InstagramTest2@6f7fd0e6]" name="tearDown" is-config="true" duration-ms="14053" started-at="2020-09-27T01:53:20Z" finished-at="2020-09-27T01:53:34Z">
          <reporter-output>
          </reporter-output>
        </test-method> <!-- tearDown -->
      </class> <!-- Labworks.E2EProject.InstagramTest2 -->
    </test> <!-- Test2 -->
  </suite> <!-- Suite -->
</testng-results>
